0 info it worked if it ends with ok
1 verbose cli [ 'node', '/usr/local/bin/npm', 'install', 'handlebars', '--save' ]
2 info using npm@1.4.28
3 info using node@v0.10.32
4 warn package.json Dai@1.0.0 No description
5 warn package.json Dai@1.0.0 No repository field.
6 warn package.json Dai@1.0.0 No README data
7 verbose readDependencies using package.json deps
8 verbose cache add [ 'handlebars', null ]
9 verbose cache add name=undefined spec="handlebars" args=["handlebars",null]
10 verbose parsed url { protocol: null,
10 verbose parsed url   slashes: null,
10 verbose parsed url   auth: null,
10 verbose parsed url   host: null,
10 verbose parsed url   port: null,
10 verbose parsed url   hostname: null,
10 verbose parsed url   hash: null,
10 verbose parsed url   search: null,
10 verbose parsed url   query: null,
10 verbose parsed url   pathname: 'handlebars',
10 verbose parsed url   path: 'handlebars',
10 verbose parsed url   href: 'handlebars' }
11 silly lockFile 9566e355-handlebars handlebars
12 verbose lock handlebars /Users/benjamin/.npm/9566e355-handlebars.lock
13 silly lockFile 9566e355-handlebars handlebars
14 silly lockFile 9566e355-handlebars handlebars
15 verbose addNamed [ 'handlebars', '' ]
16 verbose addNamed [ null, '*' ]
17 silly lockFile 0ab5732f-handlebars handlebars@
18 verbose lock handlebars@ /Users/benjamin/.npm/0ab5732f-handlebars.lock
19 silly addNameRange { name: 'handlebars', range: '*', hasData: false }
20 verbose request where is /handlebars
21 verbose request registry https://registry.npmjs.org/
22 verbose request id 64dbb68615ccd652
23 verbose url raw /handlebars
24 verbose url resolving [ 'https://registry.npmjs.org/', './handlebars' ]
25 verbose url resolved https://registry.npmjs.org/handlebars
26 verbose request where is https://registry.npmjs.org/handlebars
27 info trying registry request attempt 1 at 14:00:04
28 verbose etag "7252EIK8JRCJHDISWHKZ9FQ6R"
29 http GET https://registry.npmjs.org/handlebars
30 http 304 https://registry.npmjs.org/handlebars
31 silly registry.get cb [ 304,
31 silly registry.get   { date: 'Fri, 03 Apr 2015 12:00:04 GMT',
31 silly registry.get     server: 'Apache',
31 silly registry.get     via: '1.1 varnish',
31 silly registry.get     'last-modified': 'Fri, 03 Apr 2015 12:00:04 GMT',
31 silly registry.get     'cache-control': 'max-age=60',
31 silly registry.get     etag: '"7252EIK8JRCJHDISWHKZ9FQ6R"',
31 silly registry.get     age: '13',
31 silly registry.get     'x-served-by': 'cache-ams4146-AMS',
31 silly registry.get     'x-cache': 'HIT',
31 silly registry.get     'x-cache-hits': '1',
31 silly registry.get     'x-timer': 'S1428062404.639755,VS0,VE0',
31 silly registry.get     vary: 'Accept',
31 silly registry.get     'content-length': '0',
31 silly registry.get     'keep-alive': 'timeout=10, max=50',
31 silly registry.get     connection: 'Keep-Alive' } ]
32 verbose etag https://registry.npmjs.org/handlebars from cache
33 silly addNameRange number 2 { name: 'handlebars', range: '*', hasData: true }
34 silly addNameRange versions [ 'handlebars',
34 silly addNameRange   [ '1.0.6',
34 silly addNameRange     '1.0.6-2',
34 silly addNameRange     '1.0.7',
34 silly addNameRange     '1.0.8',
34 silly addNameRange     '1.0.9',
34 silly addNameRange     '1.0.10',
34 silly addNameRange     '1.0.11',
34 silly addNameRange     '1.0.12',
34 silly addNameRange     '1.1.0',
34 silly addNameRange     '1.1.1',
34 silly addNameRange     '1.1.2',
34 silly addNameRange     '1.2.0',
34 silly addNameRange     '1.2.1',
34 silly addNameRange     '1.3.0',
34 silly addNameRange     '2.0.0-alpha.1',
34 silly addNameRange     '2.0.0-alpha.2',
34 silly addNameRange     '2.0.0-alpha.3',
34 silly addNameRange     '2.0.0-alpha.4',
34 silly addNameRange     '2.0.0-beta.1',
34 silly addNameRange     '2.0.0',
34 silly addNameRange     '3.0.0',
34 silly addNameRange     '3.0.1',
34 silly addNameRange     '1.0.2-beta',
34 silly addNameRange     '1.0.4-beta',
34 silly addNameRange     '1.0.5-beta' ] ]
35 verbose addNamed [ 'handlebars', '3.0.1' ]
36 verbose addNamed [ '3.0.1', '3.0.1' ]
37 silly lockFile 504ecd80-handlebars-3-0-1 handlebars@3.0.1
38 verbose lock handlebars@3.0.1 /Users/benjamin/.npm/504ecd80-handlebars-3-0-1.lock
39 silly lockFile f6d85296--handlebars-handlebars-3-0-1-tgz https://registry.npmjs.org/handlebars/-/handlebars-3.0.1.tgz
40 verbose lock https://registry.npmjs.org/handlebars/-/handlebars-3.0.1.tgz /Users/benjamin/.npm/f6d85296--handlebars-handlebars-3-0-1-tgz.lock
41 verbose addRemoteTarball [ 'https://registry.npmjs.org/handlebars/-/handlebars-3.0.1.tgz',
41 verbose addRemoteTarball   'fe0f64898305e9f1267e82c336662847eda0d6f5' ]
42 info retry fetch attempt 1 at 14:00:04
43 verbose fetch to= /var/folders/rq/mh4_wcws5kdfz1ncdqf1876h0000gp/T/npm-3881--4SYfZGa/registry.npmjs.org/handlebars/-/handlebars-3.0.1.tgz
44 http GET https://registry.npmjs.org/handlebars/-/handlebars-3.0.1.tgz
45 http 200 https://registry.npmjs.org/handlebars/-/handlebars-3.0.1.tgz
46 silly lockFile f6d85296--handlebars-handlebars-3-0-1-tgz https://registry.npmjs.org/handlebars/-/handlebars-3.0.1.tgz
47 silly lockFile f6d85296--handlebars-handlebars-3-0-1-tgz https://registry.npmjs.org/handlebars/-/handlebars-3.0.1.tgz
48 silly lockFile 504ecd80-handlebars-3-0-1 handlebars@3.0.1
49 silly lockFile 504ecd80-handlebars-3-0-1 handlebars@3.0.1
50 silly lockFile 0ab5732f-handlebars handlebars@
51 silly lockFile 0ab5732f-handlebars handlebars@
52 error Error: EACCES, mkdir '/Users/benjamin/.npm/handlebars/3.0.1'
52 error  { [Error: EACCES, mkdir '/Users/benjamin/.npm/handlebars/3.0.1']
52 error   errno: 3,
52 error   code: 'EACCES',
52 error   path: '/Users/benjamin/.npm/handlebars/3.0.1',
52 error   parent: 'Dai' }
53 error Please try running this command again as root/Administrator.
54 error System Darwin 14.0.0
55 error command "node" "/usr/local/bin/npm" "install" "handlebars" "--save"
56 error cwd /Users/benjamin/Sites/daigondo/js
57 error node -v v0.10.32
58 error npm -v 1.4.28
59 error path /Users/benjamin/.npm/handlebars/3.0.1
60 error code EACCES
61 error errno 3
62 error stack Error: EACCES, mkdir '/Users/benjamin/.npm/handlebars/3.0.1'
63 verbose exit [ 3, true ]
